# JRE version: Java(TM) SE Runtime Environment (8.0-b124) (build 1.8.0-ea-b124)
# Java VM: Java HotSpot(TM) 64-Bit Server VM (25.0-b66 mixed mode linux-amd64 compressed oops)
Heap:
 PSYoungGen      total 159232K, used 27050K [0x000000076cc00000, 0x0000000778080000, 0x00000007c0000000)
  eden space 152576K, 17% used [0x000000076cc00000,0x000000076e66a8c0,0x0000000776100000)
  from space 6656K, 0% used [0x0000000776e00000,0x0000000776e00000,0x0000000777480000)
  to   space 13312K, 0% used [0x0000000776100000,0x0000000776100000,0x0000000776e00000)
 ParOldGen       total 44544K, used 30078K [0x00000006c6400000, 0x00000006c8f80000, 0x000000076cc00000)
  object space 44544K, 67% used [0x00000006c6400000,0x00000006c815f8f0,0x00000006c8f80000)
 Metaspace       used 44136K, capacity 44484K, committed 44672K, reserved 1089536K
  class space    used 5403K, capacity 5459K, committed 5504K, reserved 1048576K
GC Heap History (10 events):
Event: 7,450 GC heap before
{Heap before GC invocations=26 (full 2):
 PSYoungGen      total 136192K, used 134584K [0x000000076cc00000, 0x0000000777a80000, 0x00000007c0000000)
  eden space 132096K, 100% used [0x000000076cc00000,0x0000000774d00000,0x0000000774d00000)
  from space 4096K, 60% used [0x0000000774d00000,0x0000000774f6e300,0x0000000775100000)
  to   space 6656K, 0% used [0x0000000777400000,0x0000000777400000,0x0000000777a80000)
 ParOldGen       total 21504K, used 13788K [0x00000006c6400000, 0x00000006c7900000, 0x000000076cc00000)
  object space 21504K, 64% used [0x00000006c6400000,0x00000006c71773f8,0x00000006c7900000)
 Metaspace       used 33430K, capacity 33682K, committed 33792K, reserved 1079296K
  class space    used 4015K, capacity 4075K, committed 4096K, reserved 1048576K
Event: 7,475 GC heap after
Heap after GC invocations=26 (full 2):
 PSYoungGen      total 151040K, used 6637K [0x000000076cc00000, 0x0000000777a80000, 0x00000007c0000000)
  eden space 144384K, 0% used [0x000000076cc00000,0x000000076cc00000,0x0000000775900000)
  from space 6656K, 99% used [0x0000000777400000,0x0000000777a7b738,0x0000000777a80000)
  to   space 9728K, 0% used [0x0000000776780000,0x0000000776780000,0x0000000777100000)
 ParOldGen       total 21504K, used 19625K [0x00000006c6400000, 0x00000006c7900000, 0x000000076cc00000)
  object space 21504K, 91% used [0x00000006c6400000,0x00000006c772a7c8,0x00000006c7900000)
 Metaspace       used 33430K, capacity 33682K, committed 33792K, reserved 1079296K
  class space    used 4015K, capacity 4075K, committed 4096K, reserved 1048576K
}
Event: 7,475 GC heap before
{Heap before GC invocations=27 (full 3):
 PSYoungGen      total 151040K, used 6637K [0x000000076cc00000, 0x0000000777a80000, 0x00000007c0000000)
  eden space 144384K, 0% used [0x000000076cc00000,0x000000076cc00000,0x0000000775900000)
  from space 6656K, 99% used [0x0000000777400000,0x0000000777a7b738,0x0000000777a80000)
  to   space 9728K, 0% used [0x0000000776780000,0x0000000776780000,0x0000000777100000)
 ParOldGen       total 21504K, used 19625K [0x00000006c6400000, 0x00000006c7900000, 0x000000076cc00000)
  object space 21504K, 91% used [0x00000006c6400000,0x00000006c772a7c8,0x00000006c7900000)
 Metaspace       used 33430K, capacity 33682K, committed 33792K, reserved 1079296K
  class space    used 4015K, capacity 4075K, committed 4096K, reserved 1048576K
Event: 7,677 GC heap after
Heap after GC invocations=27 (full 3):
 PSYoungGen      total 151040K, used 1876K [0x000000076cc00000, 0x0000000777a80000, 0x00000007c0000000)
  eden space 144384K, 0% used [0x000000076cc00000,0x000000076cc00000,0x0000000775900000)
  from space 6656K, 28% used [0x0000000777400000,0x00000007775d50a8,0x0000000777a80000)
  to   space 9728K, 0% used [0x0000000776780000,0x0000000776780000,0x0000000777100000)
 ParOldGen       total 31744K, used 21382K [0x00000006c6400000, 0x00000006c8300000, 0x000000076cc00000)
  object space 31744K, 67% used [0x00000006c6400000,0x00000006c78e1a58,0x00000006c8300000)
 Metaspace       used 33430K, capacity 33682K, committed 33792K, reserved 1079296K
  class space    used 4015K, capacity 4075K, committed 4096K, reserved 1048576K
}
Event: 8,874 GC heap before
{Heap before GC invocations=28 (full 3):
 PSYoungGen      total 151040K, used 146260K [0x000000076cc00000, 0x0000000777a80000, 0x00000007c0000000)
  eden space 144384K, 100% used [0x000000076cc00000,0x0000000775900000,0x0000000775900000)
  from space 6656K, 28% used [0x0000000777400000,0x00000007775d50a8,0x0000000777a80000)
  to   space 9728K, 0% used [0x0000000776780000,0x0000000776780000,0x0000000777100000)
 ParOldGen       total 31744K, used 21382K [0x00000006c6400000, 0x00000006c8300000, 0x000000076cc00000)
  object space 31744K, 67% used [0x00000006c6400000,0x00000006c78e1a58,0x00000006c8300000)
 Metaspace       used 37768K, capacity 38028K, committed 38272K, reserved 1083392K
  class space    used 4616K, capacity 4698K, committed 4736K, reserved 1048576K
Event: 8,888 GC heap after
Heap after GC invocations=28 (full 3):
 PSYoungGen      total 158720K, used 6248K [0x000000076cc00000, 0x0000000777480000, 0x00000007c0000000)
  eden space 152064K, 0% used [0x000000076cc00000,0x000000076cc00000,0x0000000776080000)
  from space 6656K, 93% used [0x0000000776780000,0x0000000776d9a150,0x0000000776e00000)
  to   space 6656K, 0% used [0x0000000776e00000,0x0000000776e00000,0x0000000777480000)
 ParOldGen       total 31744K, used 21744K [0x00000006c6400000, 0x00000006c8300000, 0x000000076cc00000)
  object space 31744K, 68% used [0x00000006c6400000,0x00000006c793c308,0x00000006c8300000)
 Metaspace       used 37768K, capacity 38028K, committed 38272K, reserved 1083392K
  class space    used 4616K, capacity 4698K, committed 4736K, reserved 1048576K
}
Event: 188,014 GC heap before
{Heap before GC invocations=29 (full 3):
 PSYoungGen      total 158720K, used 158312K [0x000000076cc00000, 0x0000000777480000, 0x00000007c0000000)
  eden space 152064K, 100% used [0x000000076cc00000,0x0000000776080000,0x0000000776080000)
  from space 6656K, 93% used [0x0000000776780000,0x0000000776d9a150,0x0000000776e00000)
  to   space 6656K, 0% used [0x0000000776e00000,0x0000000776e00000,0x0000000777480000)
 ParOldGen       total 31744K, used 21744K [0x00000006c6400000, 0x00000006c8300000, 0x000000076cc00000)
  object space 31744K, 68% used [0x00000006c6400000,0x00000006c793c308,0x00000006c8300000)
 Metaspace       used 43395K, capacity 43778K, committed 44160K, reserved 1087488K
  class space    used 5316K, capacity 5411K, committed 5504K, reserved 1048576K
Event: 188,031 GC heap after
Heap after GC invocations=29 (full 3):
 PSYoungGen      total 159232K, used 6643K [0x000000076cc00000, 0x0000000778080000, 0x00000007c0000000)
  eden space 152576K, 0% used [0x000000076cc00000,0x000000076cc00000,0x0000000776100000)
  from space 6656K, 99% used [0x0000000776e00000,0x000000077747cd28,0x0000000777480000)
  to   space 13312K, 0% used [0x0000000776100000,0x0000000776100000,0x0000000776e00000)
 ParOldGen       total 31744K, used 28787K [0x00000006c6400000, 0x00000006c8300000, 0x000000076cc00000)
  object space 31744K, 90% used [0x00000006c6400000,0x00000006c801ce18,0x00000006c8300000)
 Metaspace       used 43395K, capacity 43778K, committed 44160K, reserved 1087488K
  class space    used 5316K, capacity 5411K, committed 5504K, reserved 1048576K
}
Event: 188,031 GC heap before
{Heap before GC invocations=30 (full 4):
 PSYoungGen      total 159232K, used 6643K [0x000000076cc00000, 0x0000000778080000, 0x00000007c0000000)
  eden space 152576K, 0% used [0x000000076cc00000,0x000000076cc00000,0x0000000776100000)
  from space 6656K, 99% used [0x0000000776e00000,0x000000077747cd28,0x0000000777480000)
  to   space 13312K, 0% used [0x0000000776100000,0x0000000776100000,0x0000000776e00000)
 ParOldGen       total 31744K, used 28787K [0x00000006c6400000, 0x00000006c8300000, 0x000000076cc00000)
  object space 31744K, 90% used [0x00000006c6400000,0x00000006c801ce18,0x00000006c8300000)
 Metaspace       used 43395K, capacity 43778K, committed 44160K, reserved 1087488K
  class space    used 5316K, capacity 5411K, committed 5504K, reserved 1048576K
Event: 188,143 GC heap after
Heap after GC invocations=30 (full 4):
 PSYoungGen      total 159232K, used 0K [0x000000076cc00000, 0x0000000778080000, 0x00000007c0000000)
  eden space 152576K, 0% used [0x000000076cc00000,0x000000076cc00000,0x0000000776100000)
  from space 6656K, 0% used [0x0000000776e00000,0x0000000776e00000,0x0000000777480000)
  to   space 13312K, 0% used [0x0000000776100000,0x0000000776100000,0x0000000776e00000)
 ParOldGen       total 44544K, used 30078K [0x00000006c6400000, 0x00000006c8f80000, 0x000000076cc00000)
  object space 44544K, 67% used [0x00000006c6400000,0x00000006c815f8f0,0x00000006c8f80000)
 Metaspace       used 43391K, capacity 43772K, committed 44160K, reserved 1087488K
  class space    used 5316K, capacity 5410K, committed 5504K, reserved 1048576K
}

